    1  1.0000000E+00
    2  5.6400947E-03
    3  9.9703510E-04
    4  9.8902749E-04
    5  9.8213444E-04
    6  9.7633401E-04
    7  9.7160016E-04
    8  9.6790675E-04
    9  9.6523061E-04
   10  9.6355345E-04
   11  9.6286152E-04
   12  9.6314705E-04
   13  9.6440101E-04
   14  9.6663691E-04
   15  9.6985622E-04
   16  9.7407015E-04
   17  9.7929426E-04
   18  9.8554826E-04
   19  9.9285599E-04
   20  1.0012452E-03
   21  1.0107465E-03
   22  1.0214008E-03
   23  1.0332431E-03
   24  1.0463188E-03
   25  1.0606763E-03
   26  1.0763695E-03
   27  1.0934564E-03
   28  1.1120013E-03
   29  1.1320726E-03
   30  1.1537459E-03
   31  1.1771032E-03
   32  1.2022338E-03
   33  1.2292367E-03
   34  1.2582130E-03
   35  1.2892790E-03
   36  1.3225586E-03
   37  1.3581868E-03
   38  1.3963103E-03
   39  1.4370871E-03
   40  1.4806899E-03
   41  1.5273075E-03
   42  1.5771405E-03
   43  1.6304081E-03
   44  1.6873491E-03
   45  1.7482275E-03
   46  1.8133047E-03
   47  1.8828842E-03
   48  1.9572854E-03
   49  2.0368482E-03
   50  2.1219351E-03
   51  2.2129595E-03
   52  2.3102770E-03
   53  2.4143411E-03
   54  2.5255932E-03
   55  2.6444804E-03
   56  2.7714786E-03
   57  2.9070141E-03
   58  3.0515528E-03
   59  3.2055032E-03
   60  3.3692188E-03
   61  3.5430383E-03
   62  3.7271480E-03
   63  3.9216408E-03
   64  4.1264184E-03
   65  4.3412383E-03
   66  4.5655265E-03
   67  4.7984597E-03
   68  5.0388016E-03
   69  5.2849508E-03
   70  5.5347633E-03
   71  5.7411916E-03
   72  5.9818394E-03
   73  6.2183488E-03
   74  6.4470737E-03
   75  6.6955995E-03
   76  6.8969932E-03
   77  7.0746836E-03
   78  7.2241831E-03
   79  7.3410202E-03
   80  7.4271108E-03
   81  7.4706438E-03
   82  7.4837020E-03
   83  7.4517170E-03
   84  7.3782232E-03
   85  7.2641408E-03
   86  7.1106607E-03
   87  6.9177971E-03
   88  6.6817068E-03
   89  6.3928003E-03
   90  6.0322299E-03
   91  5.5948786E-03
   92  5.0530580E-03
   93  4.4119884E-03
   94  3.6979140E-03
   95  2.9606644E-03
   96  2.2635851E-03
   97  1.6582099E-03
   98  1.1725074E-03
   99  8.0794640E-04
  100  5.4815758E-04
