    1  1.0000000E+00
    2  1.0987887E-03
    3  4.2173927E-05
    4  8.5868051E-05
    5  1.5283320E-04
    6  1.0695695E-04
    7  4.5019752E-05
    8  7.0555033E-05
    9  3.7636373E-05
   10  7.7796444E-05
   11  2.7598136E-05
   12  1.0701389E-04
   13  2.2695319E-05
   14  1.0868708E-04
   15  1.4670467E-05
   16  1.7432241E-04
   17  2.1506964E-05
   18  2.7892808E-05
   19  1.0531960E-05
   20  3.0455578E-04
   21  8.0372778E-06
   22  5.1917229E-05
   23  6.0085205E-06
   24  5.9476201E-06
