    1  1.0000000E+00
    2  1.2790128E-03
    3  2.0314474E-04
    4  9.0786410E-05
    5  1.7706518E-04
    6  1.2244013E-04
    7  1.5642286E-04
    8  1.0079681E-04
    9  9.7304982E-05
   10  8.8092402E-05
   11  8.3247692E-05
   12  7.7025775E-05
   13  7.2235471E-05
   14  6.7195151E-05
   15  6.2904233E-05
   16  5.8640215E-05
   17  5.4904364E-05
   18  5.1267573E-05
   19  4.8041363E-05
   20  4.4952911E-05
   21  4.2163717E-05
   22  3.9579696E-05
   23  3.7131860E-05
   24  3.5054593E-05
   25  3.2794856E-05
   26  3.1339197E-05
   27  2.8934962E-05
   28  2.8568123E-05
   29  2.5088385E-05
   30  2.7582863E-05
   31  2.0066654E-05
   32  3.3767515E-05
   33  1.2204090E-05
   34  1.3299938E-04
   35  1.7630026E-05
   36  1.0574877E-05
   37  4.4907400E-05
   38  5.3821767E-06
   39  7.6447659E-06
