    1  1.0000000E+00
    2  1.8241830E-03
    3  3.5465479E-04
    4  3.3695864E-04
    5  3.2017060E-04
    6  3.0435123E-04
    7  2.8947760E-04
    8  2.7550531E-04
    9  2.6238764E-04
   10  2.5006774E-04
   11  2.3850862E-04
   12  2.2766173E-04
   13  2.0845273E-04
   14  1.9969374E-04
   15  1.3561120E-04
   16  1.8431782E-04
   17  1.7590828E-04
   18  1.4055702E-04
   19  1.5980084E-04
   20  1.5041462E-04
   21  1.4319943E-04
   22  1.4395106E-04
   23  1.4220972E-04
   24  1.3571563E-04
   25  1.2947466E-04
   26  1.2368879E-04
   27  1.1828795E-04
   28  1.1326674E-04
   29  1.0860675E-04
   30  1.0429553E-04
   31  1.0032189E-04
   32  9.6677326E-05
   33  9.3355928E-05
   34  9.0354836E-05
   35  8.7674713E-05
   36  8.5320458E-05
   37  8.3302206E-05
   38  8.1636584E-05
   39  8.0349213E-05
   40  7.9477990E-05
   41  7.9074391E-05
   42  7.9214978E-05
   43  8.0008488E-05
   44  8.1613172E-05
   45  8.4263934E-05
   46  8.8318172E-05
   47  9.4334928E-05
   48  1.0321084E-04
   49  1.1639596E-04
   50  1.3609496E-04
   51  1.6462524E-04
   52  4.7517713E-04
   53  5.7631595E-05
   54  7.4591603E-05
   55  7.4199715E-05
   56  7.2593502E-05
   57  7.0279281E-05
   58  6.8527002E-05
   59  6.6865426E-05
   60  6.5518323E-05
   61  6.4393187E-05
   62  6.3570662E-05
   63  6.3041830E-05
   64  6.2875531E-05
   65  6.3104497E-05
   66  6.3833531E-05
   67  6.5147403E-05
   68  6.7256434E-05
   69  7.0327577E-05
   70  7.4920655E-05
   71  8.1039296E-05
   72  9.1552023E-05
   73  8.1544236E-05
   74  2.8271943E-05
   75  1.0634060E-04
   76  2.7937299E-05
   77  7.9619328E-05
   78  1.6796478E-05
   79  2.2361101E-05
   80  1.2501632E-04
   81  1.0425787E-05
   82  8.6197642E-06
   83  2.7892742E-05
   84  3.7569211E-05
   85  1.6031709E-05
   86  1.8620530E-05
   87  4.5431932E-05
   88  9.4680313E-06
   89  9.1610016E-05
   90  1.0362889E-05
   91  8.8885472E-06
   92  3.4224170E-05
   93  8.4099488E-06
   94  2.2531088E-05
   95  1.6401153E-04
   96  8.9720831E-06
   97  4.5543304E-05
   98  9.3094019E-06
   99  1.1766988E-04
  100  1.0123537E-05
