    1  1.0000000E+00
    2  3.0688894E-03
    3  4.2213741E-04
    4  3.7866868E-04
    5  3.3977751E-04
    6  3.0428476E-04
    7  2.7448023E-04
    8  2.4630700E-04
    9  2.2310414E-04
   10  2.0096861E-04
   11  8.3913379E-05
   12  1.7378092E-04
   13  1.1789532E-04
   14  1.4851423E-04
   15  1.3208401E-04
   16  1.1256083E-04
   17  8.6911105E-05
   18  6.6391655E-05
   19  6.2659110E-05
   20  5.6727140E-05
   21  5.3863462E-05
   22  5.0028689E-05
   23  4.6587946E-05
   24  4.3968864E-05
   25  4.0538052E-05
   26  3.8616558E-05
   27  3.5381243E-05
   28  3.3980524E-05
   29  3.0933040E-05
   30  3.0022959E-05
   31  2.7051191E-05
   32  2.6728387E-05
   33  2.3568117E-05
   34  2.4190976E-05
   35  2.0185647E-05
   36  2.2908439E-05
   37  1.6247079E-05
   38  2.5432783E-05
   39  1.0756344E-05
   40  5.6462469E-05
   41  5.8073742E-06
   42  3.1270793E-05
   43  5.0749943E-06
   44  1.7019823E-05
   45  6.3096378E-06
   46  1.2831229E-04
   47  6.7403383E-06
   48  5.8161727E-06
