    1  1.0000000E+00
    2  1.8377742E-03
    3  4.7737559E-04
    4  4.6098555E-04
    5  4.4531695E-04
    6  4.3039766E-04
    7  4.1622499E-04
    8  4.0277161E-04
    9  3.8998581E-04
   10  3.7781885E-04
   11  3.6622763E-04
   12  3.5517534E-04
   13  3.4463006E-04
   14  3.3456346E-04
   15  3.2494974E-04
   16  3.1576536E-04
   17  3.0698822E-04
   18  2.9859772E-04
   19  2.9057453E-04
   20  2.8290049E-04
   21  2.7555853E-04
   22  2.6853257E-04
   23  2.6180749E-04
   24  2.5536904E-04
   25  2.4920382E-04
   26  2.4329918E-04
   27  2.2540967E-04
   28  2.2246403E-04
   29  2.1781605E-04
   30  2.1268579E-04
   31  2.0753255E-04
   32  2.0250743E-04
   33  1.9765448E-04
   34  1.6162168E-04
   35  1.8893898E-04
   36  1.8455931E-04
   37  1.8034477E-04
   38  1.5980742E-04
   39  1.7179632E-04
   40  1.6830683E-04
   41  1.5992306E-04
   42  1.5983342E-04
   43  1.6615948E-04
   44  1.5137220E-04
   45  1.6490194E-04
   46  1.4361564E-04
   47  1.5983378E-04
   48  1.3670925E-04
   49  1.5362496E-04
   50  1.3048760E-04
   51  1.4733977E-04
   52  1.4954360E-04
   53  1.4506388E-04
   54  1.4139766E-04
   55  1.3827168E-04
   56  1.3534099E-04
   57  1.3253652E-04
   58  1.2984412E-04
   59  1.2725852E-04
   60  1.2477598E-04
   61  1.2239312E-04
   62  1.2010677E-04
   63  1.1791396E-04
   64  1.1581185E-04
   65  1.1379778E-04
   66  1.1186923E-04
   67  1.1002381E-04
   68  1.0825928E-04
   69  1.0657354E-04
   70  1.0496460E-04
   71  1.0343059E-04
   72  1.0196976E-04
   73  1.0058049E-04
   74  9.9261231E-05
   75  9.8010561E-05
   76  9.6827151E-05
   77  9.5709762E-05
   78  9.4657246E-05
   79  9.3668542E-05
   80  9.2742663E-05
   81  9.1878706E-05
   82  9.1075827E-05
   83  9.0333252E-05
   84  8.9650267E-05
   85  8.9026196E-05
   86  8.8460419E-05
   87  8.7952342E-05
   88  8.7501396E-05
   89  8.7107023E-05
   90  8.6768667E-05
   91  8.6485758E-05
   92  8.6257695E-05
   93  8.6083833E-05
   94  8.5963459E-05
   95  8.5895770E-05
   96  8.5879863E-05
   97  8.5914695E-05
   98  8.5999062E-05
   99  8.6131578E-05
  100  8.6310639E-05
