    1  1.0000000E+00
    2  1.5613610E-03
    3  2.8055059E-04
    4  7.7933196E-04
    5  2.8764319E-04
    6  2.8206795E-04
    7  2.7182565E-04
    8  2.5596353E-04
    9  2.4370364E-04
   10  2.3452750E-04
   11  1.0554742E-04
   12  7.5979566E-04
   13  7.1176276E-04
   14  2.4191140E-04
   15  2.4960110E-04
   16  5.5448927E-04
   17  2.2942711E-04
   18  2.1865817E-04
   19  2.4199114E-04
   20  5.7188231E-04
   21  2.3275027E-04
   22  2.3062262E-04
   23  2.1723510E-04
   24  2.1190139E-04
   25  1.1009599E-04
   26  1.9502074E-04
   27  1.2770262E-04
   28  1.7444489E-04
   29  1.6357334E-04
   30  1.3069755E-04
   31  1.4421849E-04
   32  1.3664952E-04
   33  1.3242126E-04
   34  1.2552931E-04
   35  1.1717746E-04
   36  1.1006781E-04
   37  1.0323501E-04
   38  9.7020313E-05
   39  9.1245652E-05
   40  8.5940477E-05
   41  8.1054150E-05
   42  7.6573684E-05
   43  7.2474164E-05
   44  6.8740779E-05
   45  6.5359738E-05
   46  6.2320618E-05
   47  5.9618881E-05
   48  5.7255415E-05
   49  5.5238131E-05
   50  5.3585026E-05
   51  5.2327951E-05
   52  5.1519715E-05
   53  5.1245576E-05
   54  5.1644822E-05
   55  5.2951469E-05
   56  5.5580505E-05
   57  6.0323158E-05
   58  6.8863614E-05
   59  8.5294805E-05
   60  1.1826649E-04
   61  8.5604693E-06
   62  1.3918903E-05
   63  6.1873912E-06
   64  1.6026668E-04
   65  4.5541179E-06
   66  4.5893306E-06
