    1  1.0000000E+00
    2  9.3849631E-04
    3  4.4590561E-05
    4  1.0569340E-04
    5  6.5727420E-05
    6  6.1452748E-05
    7  8.6388261E-05
    8  3.4805397E-05
    9  8.9162685E-05
   10  1.1504360E-05
   11  6.5176359E-05
   12  1.0271904E-05
   13  3.8843192E-05
   14  1.1449086E-05
   15  2.2680453E-04
   16  1.1323639E-05
   17  6.3923285E-04
   18  7.6915679E-05
   19  2.7302240E-05
   20  3.3539637E-05
   21  2.6699831E-05
   22  2.7339709E-05
   23  2.3932426E-05
   24  2.6499718E-05
   25  1.8981424E-05
   26  3.4223571E-05
   27  1.0808724E-05
   28  1.6080995E-04
   29  8.3925439E-06
   30  6.8907802E-05
   31  4.1036322E-06
   32  4.4139707E-06
