    1  1.0000000E+00
    2  1.5156259E-03
    3  1.7866173E-05
    4  1.8712204E-05
    5  2.2133266E-05
    6  3.2942261E-05
    7  1.5722031E-04
    8  4.0648849E-05
    9  2.8796127E-05
   10  1.7674502E-05
   11  5.9120076E-05
   12  7.8900099E-06
   13  2.5298681E-05
   14  1.3001058E-05
   15  5.6083693E-04
   16  1.5236258E-05
   17  4.6404946E-05
   18  3.1954764E-05
   19  1.6979003E-05
   20  6.8614681E-05
   21  7.7440375E-06
   22  2.9743542E-05
   23  9.9866938E-06
   24  1.3510373E-04
   25  1.0292818E-05
   26  3.0035838E-05
   27  4.3505736E-06
   28  9.4589976E-06
