    1  1.0000000E+00
    2  1.5754417E-04
    3  1.9740739E-05
    4  2.7782961E-05
    5  1.8412971E-04
    6  1.5465949E-04
    7  1.4247531E-04
    8  7.6551660E-05
    9  3.0854432E-05
   10  8.3623663E-05
   11  2.5372834E-05
   12  8.3684362E-05
   13  2.1426644E-05
   14  7.4725980E-05
   15  1.5688719E-05
   16  9.3543561E-05
   17  2.5249003E-05
   18  1.5260624E-05
   19  4.0202460E-05
   20  7.7061841E-06
   21  4.8132986E-05
   22  5.7131209E-06
   23  1.6497729E-05
   24  1.1459051E-05
   25  2.5249853E-05
   26  5.7871963E-06
   27  3.6175989E-05
   28  4.2898404E-06
   29  7.8792482E-06
