    1  1.0000000E+00
    2  1.3692379E-03
    3  2.3291075E-04
    4  2.1474400E-04
    5  9.8929380E-05
    6  1.9100738E-04
    7  1.2698318E-04
    8  1.6368939E-04
    9  1.5576495E-04
   10  1.1769972E-04
   11  1.3951639E-04
   12  9.0300932E-05
   13  1.0662875E-04
   14  9.5123568E-05
   15  8.6478221E-05
   16  7.9861769E-05
   17  7.4473905E-05
   18  6.9207816E-05
   19  6.4582668E-05
   20  6.0162328E-05
   21  5.6238957E-05
   22  5.2508742E-05
   23  4.9247585E-05
   24  4.6050284E-05
   25  4.3439915E-05
   26  4.0577328E-05
   27  3.8708376E-05
   28  3.5825320E-05
   29  3.5111523E-05
   30  3.1314876E-05
   31  3.3315793E-05
   32  2.5876873E-05
   33  3.7317830E-05
   34  1.7352010E-05
   35  1.0035265E-04
   36  8.8852183E-06
   37  2.4638483E-05
   38  1.5877606E-05
   39  4.6570681E-05
   40  8.0432028E-06
   41  2.1066173E-05
   42  1.4714555E-05
   43  3.8190369E-05
   44  7.7603869E-06
   45  2.1117303E-05
   46  1.1809960E-05
   47  8.5562892E-05
   48  6.6449245E-06
   49  6.9678750E-06
